<?xml version="1.0" encoding="UTF-8"?>
<testsuite name="ru.stqa.pft.addressbook.tests.UserDeletionTests" tests="1" skipped="0" failures="0" errors="0" timestamp="2019-11-17T08:56:23" hostname="Comp-PC" time="3.483">
  <properties/>
  <testcase name="testUserDeletion" classname="ru.stqa.pft.addressbook.tests.UserDeletionTests" time="3.483"/>
  <system-out><![CDATA[]]></system-out>
  <system-err><![CDATA[]]></system-err>
</testsuite>
