<?xml version="1.0" encoding="UTF-8"?>
<testsuite name="ru.stqa.pft.addressbook.tests.UserCreationTests" tests="3" skipped="0" failures="0" errors="0" timestamp="2019-11-17T07:11:54" hostname="Comp-PC" time="30.176">
  <properties/>
  <testcase name="testUserCreation[0](UserData{id=2147483647, firstname='Р�РјСЏ 0', lastname='Р¤Р°РјРёР»РёСЏ 0', mobile='РјРѕР±.С‚РµР»РµС„РѕРЅ 89090'})" classname="ru.stqa.pft.addressbook.tests.UserCreationTests" time="10.687"/>
  <testcase name="testUserCreation[1](UserData{id=2147483647, firstname='Р�РјСЏ 1', lastname='Р¤Р°РјРёР»РёСЏ 1', mobile='РјРѕР±.С‚РµР»РµС„РѕРЅ 89091'})" classname="ru.stqa.pft.addressbook.tests.UserCreationTests" time="9.366"/>
  <testcase name="testUserCreation[2](UserData{id=2147483647, firstname='Р�РјСЏ 2', lastname='Р¤Р°РјРёР»РёСЏ 2', mobile='РјРѕР±.С‚РµР»РµС„РѕРЅ 89092'})" classname="ru.stqa.pft.addressbook.tests.UserCreationTests" time="10.093"/>
  <system-out><![CDATA[]]></system-out>
  <system-err><![CDATA[]]></system-err>
</testsuite>
